[debug] [2022-08-09T12:23:49.321Z] ----------------------------------------------------------------------
[debug] [2022-08-09T12:23:49.326Z] Command:       C:\Program Files\nodejs\node.exe C:\Users\hamza\AppData\Roaming\npm\node_modules\firebase-tools\lib\bin\firebase.js init
[debug] [2022-08-09T12:23:49.327Z] CLI Version:   10.7.1
[debug] [2022-08-09T12:23:49.327Z] Platform:      win32
[debug] [2022-08-09T12:23:49.327Z] Node Version:  v14.17.6
[debug] [2022-08-09T12:23:49.329Z] Time:          Tue Aug 09 2022 17:23:49 GMT+0500 (Pakistan Standard Time)
[debug] [2022-08-09T12:23:49.330Z] ----------------------------------------------------------------------
[debug] 
[debug] [2022-08-09T12:23:49.338Z] >>> [apiv2][query] GET https://firebase-public.firebaseio.com/cli.json [none]
[debug] [2022-08-09T12:23:49.393Z] > command requires scopes: ["email","openid","https://www.googleapis.com/auth/cloudplatformprojects.readonly","https://www.googleapis.com/auth/firebase","https://www.googleapis.com/auth/cloud-platform"]
[debug] [2022-08-09T12:23:49.393Z] > authorizing via signed-in user (hamzalodhi03163045212@gmail.com)
[info] 
     ######## #### ########  ######## ########     ###     ######  ########
     ##        ##  ##     ## ##       ##     ##  ##   ##  ##       ##
     ######    ##  ########  ######   ########  #########  ######  ######
     ##        ##  ##    ##  ##       ##     ## ##     ##       ## ##
     ##       #### ##     ## ######## ########  ##     ##  ######  ########

You're about to initialize a Firebase project in this directory:

  C:\PERSONAL PRACTICE\react apps practice\food app

Before we get started, keep in mind:

  * You are currently outside your home directory

[debug] [2022-08-09T12:23:50.256Z] <<< [apiv2][status] GET https://firebase-public.firebaseio.com/cli.json 200
[debug] [2022-08-09T12:23:50.257Z] <<< [apiv2][body] GET https://firebase-public.firebaseio.com/cli.json {"cloudBuildErrorAfter":1594252800000,"cloudBuildWarnAfter":1590019200000,"defaultNode10After":1594252800000,"minVersion":"3.0.5","node8DeploysDisabledAfter":1613390400000,"node8RuntimeDisabledAfter":1615809600000,"node8WarnAfter":1600128000000}
[debug] [2022-08-09T12:26:10.572Z] Error: kill ENOSYS
    at process.kill (internal/process/per_thread.js:200:13)
    at process.listener (C:\Users\hamza\AppData\Roaming\npm\node_modules\firebase-tools\node_modules\signal-exit\index.js:95:15)
    at process.emit (events.js:400:28)
[error] 
[error] Error: An unexpected error has occurred.
